Started GET "/" for 49.36.41.218 at 2024-01-05 06:59:39 +0000
Cannot render console from 49.36.41.218! Allowed networks: 127.0.0.0/127.255.255.255, ::1
  
ActiveRecord::NoDatabaseError (We could not find your database: Budgy_development. Which can be found in the database configuration file located at config/database.yml.

To resolve this issue:

- Did you create the database for this app, or delete it? You may need to create your database.
- Has the database name changed? Check your database.yml config has the correct database name.

To create your database, run:

        bin/rails db:create
):
  
activerecord (7.0.1) lib/active_record/connection_adapters/postgresql_adapter.rb:81:in `rescue in new_client'
activerecord (7.0.1) lib/active_record/connection_adapters/postgresql_adapter.rb:77:in `new_client'
activerecord (7.0.1) lib/active_record/connection_adapters/postgresql_adapter.rb:37:in `postgresql_connection'
activerecord (7.0.1) lib/active_record/connection_adapters/abstract/connection_pool.rb:656:in `public_send'
activerecord (7.0.1) lib/active_record/connection_adapters/abstract/connection_pool.rb:656:in `new_connection'
activerecord (7.0.1) lib/active_record/connection_adapters/abstract/connection_pool.rb:700:in `checkout_new_connection'
activerecord (7.0.1) lib/active_record/connection_adapters/abstract/connection_pool.rb:679:in `try_to_checkout_new_connection'
activerecord (7.0.1) lib/active_record/connection_adapters/abstract/connection_pool.rb:640:in `acquire_connection'
activerecord (7.0.1) lib/active_record/connection_adapters/abstract/connection_pool.rb:341:in `checkout'
activerecord (7.0.1) lib/active_record/connection_adapters/abstract/connection_pool.rb:181:in `connection'
activerecord (7.0.1) lib/active_record/connection_adapters/abstract/connection_handler.rb:211:in `retrieve_connection'
activerecord (7.0.1) lib/active_record/connection_handling.rb:313:in `retrieve_connection'
activerecord (7.0.1) lib/active_record/connection_handling.rb:280:in `connection'
activerecord (7.0.1) lib/active_record/migration.rb:613:in `connection'
activerecord (7.0.1) lib/active_record/migration.rb:608:in `build_watcher'
activerecord (7.0.1) lib/active_record/migration.rb:590:in `block in call'
activerecord (7.0.1) lib/active_record/migration.rb:589:in `synchronize'
activerecord (7.0.1) lib/active_record/migration.rb:589:in `call'
actionpack (7.0.1) lib/action_dispatch/middleware/callbacks.rb:27:in `block in call'
activesupport (7.0.1) lib/active_support/callbacks.rb:99:in `run_callbacks'
actionpack (7.0.1) lib/action_dispatch/middleware/callbacks.rb:26:in `call'
actionpack (7.0.1) lib/action_dispatch/middleware/executor.rb:14:in `call'
actionpack (7.0.1) lib/action_dispatch/middleware/actionable_exceptions.rb:17:in `call'
actionpack (7.0.1) lib/action_dispatch/middleware/debug_exceptions.rb:28:in `call'
web-console (4.2.0) lib/web_console/middleware.rb:132:in `call_app'
web-console (4.2.0) lib/web_console/middleware.rb:19:in `block in call'
web-console (4.2.0) lib/web_console/middleware.rb:17:in `catch'
web-console (4.2.0) lib/web_console/middleware.rb:17:in `call'
actionpack (7.0.1) lib/action_dispatch/middleware/show_exceptions.rb:26:in `call'
railties (7.0.1) lib/rails/rack/logger.rb:36:in `call_app'
railties (7.0.1) lib/rails/rack/logger.rb:25:in `block in call'
activesupport (7.0.1) lib/active_support/tagged_logging.rb:99:in `block in tagged'
activesupport (7.0.1) lib/active_support/tagged_logging.rb:37:in `tagged'
activesupport (7.0.1) lib/active_support/tagged_logging.rb:99:in `tagged'
railties (7.0.1) lib/rails/rack/logger.rb:25:in `call'
sprockets-rails (3.4.2) lib/sprockets/rails/quiet_assets.rb:13:in `call'
actionpack (7.0.1) lib/action_dispatch/middleware/remote_ip.rb:93:in `call'
actionpack (7.0.1) lib/action_dispatch/middleware/request_id.rb:26:in `call'
rack (2.2.3) lib/rack/method_override.rb:24:in `call'
rack (2.2.3) lib/rack/runtime.rb:22:in `call'
activesupport (7.0.1) lib/active_support/cache/strategy/local_cache_middleware.rb:29:in `call'
actionpack (7.0.1) lib/action_dispatch/middleware/server_timing.rb:20:in `call'
actionpack (7.0.1) lib/action_dispatch/middleware/executor.rb:14:in `call'
actionpack (7.0.1) lib/action_dispatch/middleware/static.rb:23:in `call'
rack (2.2.3) lib/rack/sendfile.rb:110:in `call'
actionpack (7.0.1) lib/action_dispatch/middleware/host_authorization.rb:137:in `call'
railties (7.0.1) lib/rails/engine.rb:530:in `call'
puma (5.6.1) lib/puma/configuration.rb:252:in `call'
puma (5.6.1) lib/puma/request.rb:77:in `block in handle_request'
puma (5.6.1) lib/puma/thread_pool.rb:340:in `with_force_shutdown'
puma (5.6.1) lib/puma/request.rb:76:in `handle_request'
puma (5.6.1) lib/puma/server.rb:441:in `process_client'
puma (5.6.1) lib/puma/thread_pool.rb:147:in `block in spawn_thread'
  [1m[35m (79.2ms)[0m  [1m[35mCREATE DATABASE "Budgy_development" ENCODING = 'unicode'[0m
Started GET "/" for 49.36.41.218 at 2024-01-05 07:06:37 +0000
Cannot render console from 49.36.41.218! Allowed networks: 127.0.0.0/127.255.255.255, ::1
  [1m[35m (11.1ms)[0m  [1m[35mCREATE TABLE "schema_migrations" ("version" character varying NOT NULL PRIMARY KEY)[0m
  [1m[35m (7.3ms)[0m  [1m[35mCREATE TABLE "ar_internal_metadata" ("key" character varying NOT NULL PRIMARY KEY, "value" character varying, "created_at" timestamp(6) NOT NULL, "updated_at" timestamp(6) NOT NULL)[0m
  [1m[36mActiveRecord::SchemaMigration Pluck (0.5ms)[0m  [1m[34mSELECT "schema_migrations"."version" FROM "schema_migrations" ORDER BY "schema_migrations"."version" ASC[0m
  
ActiveRecord::PendingMigrationError (

Migrations are pending. To resolve this issue, run:

        bin/rails db:migrate RAILS_ENV=development

You have 6 pending migrations:

20220131150512_create_users.rb
20220131213834_add_devise_to_users.rb
20220216210359_create_categories.rb
20220216211616_create_active_storage_tables.active_storage.rb
20220217172915_create_records.rb
20220218082404_create_category_records.rb


):
  
activerecord (7.0.1) lib/active_record/migration.rb:627:in `check_pending!'
activerecord (7.0.1) lib/active_record/migration.rb:592:in `block (2 levels) in call'
activesupport (7.0.1) lib/active_support/file_update_checker.rb:83:in `execute'
activerecord (7.0.1) lib/active_record/migration.rb:597:in `block in call'
activerecord (7.0.1) lib/active_record/migration.rb:589:in `synchronize'
activerecord (7.0.1) lib/active_record/migration.rb:589:in `call'
actionpack (7.0.1) lib/action_dispatch/middleware/callbacks.rb:27:in `block in call'
activesupport (7.0.1) lib/active_support/callbacks.rb:99:in `run_callbacks'
actionpack (7.0.1) lib/action_dispatch/middleware/callbacks.rb:26:in `call'
actionpack (7.0.1) lib/action_dispatch/middleware/executor.rb:14:in `call'
actionpack (7.0.1) lib/action_dispatch/middleware/actionable_exceptions.rb:17:in `call'
actionpack (7.0.1) lib/action_dispatch/middleware/debug_exceptions.rb:28:in `call'
web-console (4.2.0) lib/web_console/middleware.rb:132:in `call_app'
web-console (4.2.0) lib/web_console/middleware.rb:19:in `block in call'
web-console (4.2.0) lib/web_console/middleware.rb:17:in `catch'
web-console (4.2.0) lib/web_console/middleware.rb:17:in `call'
actionpack (7.0.1) lib/action_dispatch/middleware/show_exceptions.rb:26:in `call'
railties (7.0.1) lib/rails/rack/logger.rb:36:in `call_app'
railties (7.0.1) lib/rails/rack/logger.rb:25:in `block in call'
activesupport (7.0.1) lib/active_support/tagged_logging.rb:99:in `block in tagged'
activesupport (7.0.1) lib/active_support/tagged_logging.rb:37:in `tagged'
activesupport (7.0.1) lib/active_support/tagged_logging.rb:99:in `tagged'
railties (7.0.1) lib/rails/rack/logger.rb:25:in `call'
sprockets-rails (3.4.2) lib/sprockets/rails/quiet_assets.rb:13:in `call'
actionpack (7.0.1) lib/action_dispatch/middleware/remote_ip.rb:93:in `call'
actionpack (7.0.1) lib/action_dispatch/middleware/request_id.rb:26:in `call'
rack (2.2.3) lib/rack/method_override.rb:24:in `call'
rack (2.2.3) lib/rack/runtime.rb:22:in `call'
activesupport (7.0.1) lib/active_support/cache/strategy/local_cache_middleware.rb:29:in `call'
actionpack (7.0.1) lib/action_dispatch/middleware/server_timing.rb:20:in `call'
actionpack (7.0.1) lib/action_dispatch/middleware/executor.rb:14:in `call'
actionpack (7.0.1) lib/action_dispatch/middleware/static.rb:23:in `call'
rack (2.2.3) lib/rack/sendfile.rb:110:in `call'
actionpack (7.0.1) lib/action_dispatch/middleware/host_authorization.rb:137:in `call'
railties (7.0.1) lib/rails/engine.rb:530:in `call'
puma (5.6.1) lib/puma/configuration.rb:252:in `call'
puma (5.6.1) lib/puma/request.rb:77:in `block in handle_request'
puma (5.6.1) lib/puma/thread_pool.rb:340:in `with_force_shutdown'
puma (5.6.1) lib/puma/request.rb:76:in `handle_request'
puma (5.6.1) lib/puma/server.rb:441:in `process_client'
puma (5.6.1) lib/puma/thread_pool.rb:147:in `block in spawn_thread'
  [1m[35m (0.3ms)[0m  [1m[34mSELECT pg_try_advisory_lock(969927446999764995)[0m
  [1m[36mActiveRecord::SchemaMigration Pluck (0.6ms)[0m  [1m[34mSELECT "schema_migrations"."version" FROM "schema_migrations" ORDER BY "schema_migrations"."version" ASC[0m
Migrating to CreateUsers (20220131150512)
  [1m[36mTRANSACTION (0.2ms)[0m  [1m[35mBEGIN[0m
  [1m[35m (9.5ms)[0m  [1m[35mCREATE TABLE "users" ("id" bigserial primary key, "name" character varying, "created_at" timestamp(6) NOT NULL, "updated_at" timestamp(6) NOT NULL)[0m
  [1m[36mActiveRecord::SchemaMigration Create (0.5ms)[0m  [1m[32mINSERT INTO "schema_migrations" ("version") VALUES ($1) RETURNING "version"[0m  [["version", "20220131150512"]]
  [1m[36mTRANSACTION (1.3ms)[0m  [1m[35mCOMMIT[0m
Migrating to AddDeviseToUsers (20220131213834)
  [1m[36mTRANSACTION (0.2ms)[0m  [1m[35mBEGIN[0m
  [1m[35m (0.4ms)[0m  [1m[35mALTER TABLE "users" ADD "email" character varying DEFAULT '' NOT NULL[0m
  [1m[35m (0.4ms)[0m  [1m[35mALTER TABLE "users" ADD "encrypted_password" character varying DEFAULT '' NOT NULL[0m
  [1m[35m (0.3ms)[0m  [1m[35mALTER TABLE "users" ADD "reset_password_token" character varying[0m
  [1m[35m (0.3ms)[0m  [1m[35mALTER TABLE "users" ADD "reset_password_sent_at" timestamp(6)[0m
  [1m[35m (0.2ms)[0m  [1m[35mALTER TABLE "users" ADD "remember_created_at" timestamp(6)[0m
  [1m[35m (0.3ms)[0m  [1m[35mALTER TABLE "users" ADD "confirmation_token" character varying[0m
  [1m[35m (0.3ms)[0m  [1m[35mALTER TABLE "users" ADD "confirmed_at" timestamp(6)[0m
  [1m[35m (0.3ms)[0m  [1m[35mALTER TABLE "users" ADD "confirmation_sent_at" timestamp(6)[0m
  [1m[35m (0.3ms)[0m  [1m[35mALTER TABLE "users" ADD "unconfirmed_email" character varying[0m
  [1m[35m (3.4ms)[0m  [1m[35mCREATE UNIQUE INDEX "index_users_on_email" ON "users" ("email")[0m
  [1m[35m (3.2ms)[0m  [1m[35mCREATE UNIQUE INDEX "index_users_on_reset_password_token" ON "users" ("reset_password_token")[0m
  [1m[36mActiveRecord::SchemaMigration Create (0.3ms)[0m  [1m[32mINSERT INTO "schema_migrations" ("version") VALUES ($1) RETURNING "version"[0m  [["version", "20220131213834"]]
  [1m[36mTRANSACTION (1.1ms)[0m  [1m[35mCOMMIT[0m
Migrating to CreateCategories (20220216210359)
  [1m[36mTRANSACTION (0.2ms)[0m  [1m[35mBEGIN[0m
  [1m[35m (7.7ms)[0m  [1m[35mCREATE TABLE "categories" ("id" bigserial primary key, "name" character varying, "user_id" bigint NOT NULL, "created_at" timestamp(6) NOT NULL, "updated_at" timestamp(6) NOT NULL, CONSTRAINT "fk_rails_b8e2f7adfc"
FOREIGN KEY ("user_id")
  REFERENCES "users" ("id")
)[0m
  [1m[35m (3.3ms)[0m  [1m[35mCREATE INDEX "index_categories_on_user_id" ON "categories" ("user_id")[0m
  [1m[36mActiveRecord::SchemaMigration Create (0.3ms)[0m  [1m[32mINSERT INTO "schema_migrations" ("version") VALUES ($1) RETURNING "version"[0m  [["version", "20220216210359"]]
  [1m[36mTRANSACTION (1.3ms)[0m  [1m[35mCOMMIT[0m
Migrating to CreateActiveStorageTables (20220216211616)
  [1m[36mTRANSACTION (0.2ms)[0m  [1m[35mBEGIN[0m
  [1m[35m (7.8ms)[0m  [1m[35mCREATE TABLE "active_storage_blobs" ("id" bigserial primary key, "key" character varying NOT NULL, "filename" character varying NOT NULL, "content_type" character varying, "metadata" text, "service_name" character varying NOT NULL, "byte_size" bigint NOT NULL, "checksum" character varying, "created_at" timestamp(6) NOT NULL)[0m
  [1m[35m (3.2ms)[0m  [1m[35mCREATE UNIQUE INDEX "index_active_storage_blobs_on_key" ON "active_storage_blobs" ("key")[0m
  [1m[35m (8.7ms)[0m  [1m[35mCREATE TABLE "active_storage_attachments" ("id" bigserial primary key, "name" character varying NOT NULL, "record_type" character varying NOT NULL, "record_id" bigint NOT NULL, "blob_id" bigint NOT NULL, "created_at" timestamp(6) NOT NULL, CONSTRAINT "fk_rails_c3b3935057"
FOREIGN KEY ("blob_id")
  REFERENCES "active_storage_blobs" ("id")
)[0m
  [1m[35m (3.4ms)[0m  [1m[35mCREATE INDEX "index_active_storage_attachments_on_blob_id" ON "active_storage_attachments" ("blob_id")[0m
  [1m[35m (3.1ms)[0m  [1m[35mCREATE UNIQUE INDEX "index_active_storage_attachments_uniqueness" ON "active_storage_attachments" ("record_type", "record_id", "name", "blob_id")[0m
  [1m[35m (7.3ms)[0m  [1m[35mCREATE TABLE "active_storage_variant_records" ("id" bigserial primary key, "blob_id" bigint NOT NULL, "variation_digest" character varying NOT NULL, CONSTRAINT "fk_rails_993965df05"
FOREIGN KEY ("blob_id")
  REFERENCES "active_storage_blobs" ("id")
)[0m
  [1m[35m (3.0ms)[0m  [1m[35mCREATE UNIQUE INDEX "index_active_storage_variant_records_uniqueness" ON "active_storage_variant_records" ("blob_id", "variation_digest")[0m
  [1m[36mActiveRecord::SchemaMigration Create (0.4ms)[0m  [1m[32mINSERT INTO "schema_migrations" ("version") VALUES ($1) RETURNING "version"[0m  [["version", "20220216211616"]]
  [1m[36mTRANSACTION (1.6ms)[0m  [1m[35mCOMMIT[0m
Migrating to CreateRecords (20220217172915)
  [1m[36mTRANSACTION (0.3ms)[0m  [1m[35mBEGIN[0m
  [1m[35m (8.0ms)[0m  [1m[35mCREATE TABLE "records" ("id" bigserial primary key, "name" character varying, "amount" decimal, "user_id" bigint NOT NULL, "created_at" timestamp(6) NOT NULL, "updated_at" timestamp(6) NOT NULL, CONSTRAINT "fk_rails_9ba3ba9afc"
FOREIGN KEY ("user_id")
  REFERENCES "users" ("id")
)[0m
  [1m[35m (3.5ms)[0m  [1m[35mCREATE INDEX "index_records_on_user_id" ON "records" ("user_id")[0m
  [1m[36mActiveRecord::SchemaMigration Create (0.3ms)[0m  [1m[32mINSERT INTO "schema_migrations" ("version") VALUES ($1) RETURNING "version"[0m  [["version", "20220217172915"]]
  [1m[36mTRANSACTION (1.3ms)[0m  [1m[35mCOMMIT[0m
Migrating to CreateCategoryRecords (20220218082404)
  [1m[36mTRANSACTION (0.2ms)[0m  [1m[35mBEGIN[0m
  [1m[35m (5.2ms)[0m  [1m[35mCREATE TABLE "category_records" ("id" bigserial primary key, "category_id" bigint NOT NULL, "record_id" bigint NOT NULL, "created_at" timestamp(6) NOT NULL, "updated_at" timestamp(6) NOT NULL, CONSTRAINT "fk_rails_4f0e53a8b8"
FOREIGN KEY ("category_id")
  REFERENCES "categories" ("id")
, CONSTRAINT "fk_rails_4c59ecf5bd"
FOREIGN KEY ("record_id")
  REFERENCES "records" ("id")
)[0m
  [1m[35m (3.0ms)[0m  [1m[35mCREATE INDEX "index_category_records_on_category_id" ON "category_records" ("category_id")[0m
  [1m[35m (3.5ms)[0m  [1m[35mCREATE INDEX "index_category_records_on_record_id" ON "category_records" ("record_id")[0m
  [1m[36mActiveRecord::SchemaMigration Create (0.4ms)[0m  [1m[32mINSERT INTO "schema_migrations" ("version") VALUES ($1) RETURNING "version"[0m  [["version", "20220218082404"]]
  [1m[36mTRANSACTION (1.1ms)[0m  [1m[35mCOMMIT[0m
  [1m[36mActiveRecord::InternalMetadata Load (0.4ms)[0m  [1m[34mSELECT "ar_internal_metadata".* FROM "ar_internal_metadata" WHERE "ar_internal_metadata"."key" = $1 LIMIT $2[0m  [["key", "environment"], ["LIMIT", 1]]
  [1m[36mTRANSACTION (0.2ms)[0m  [1m[35mBEGIN[0m
  [1m[36mActiveRecord::InternalMetadata Create (0.5ms)[0m  [1m[32mINSERT INTO "ar_internal_metadata" ("key", "value", "created_at", "updated_at") VALUES ($1, $2, $3, $4) RETURNING "key"[0m  [["key", "environment"], ["value", "development"], ["created_at", "2024-01-05 07:07:03.916746"], ["updated_at", "2024-01-05 07:07:03.916746"]]
  [1m[36mTRANSACTION (1.1ms)[0m  [1m[35mCOMMIT[0m
  [1m[35m (0.4ms)[0m  [1m[34mSELECT pg_advisory_unlock(969927446999764995)[0m
  [1m[36mActiveRecord::SchemaMigration Pluck (0.7ms)[0m  [1m[34mSELECT "schema_migrations"."version" FROM "schema_migrations" ORDER BY "schema_migrations"."version" ASC[0m
Started GET "/" for 49.36.41.218 at 2024-01-05 07:07:09 +0000
Cannot render console from 49.36.41.218! Allowed networks: 127.0.0.0/127.255.255.255, ::1
  [1m[36mActiveRecord::SchemaMigration Pluck (0.3ms)[0m  [1m[34mSELECT "schema_migrations"."version" FROM "schema_migrations" ORDER BY "schema_migrations"."version" ASC[0m
Processing by SplashController#index as HTML
  Rendering layout layouts/application.html.erb
  Rendering splash/index.html.erb within layouts/application
  Rendered splash/index.html.erb within layouts/application (Duration: 1.0ms | Allocations: 492)
  Rendered layout layouts/application.html.erb (Duration: 279.2ms | Allocations: 106727)
Completed 200 OK in 291ms (Views: 281.0ms | ActiveRecord: 0.0ms | Allocations: 113585)


  
ActionController::RoutingError (No route matches [GET] "/assets/font-awesome"):
  
  
ActionController::RoutingError (No route matches [GET] "/assets/font-awesome-sprockets"):
  
Started GET "/users/sign_in" for 49.36.41.218 at 2024-01-05 07:07:59 +0000
Cannot render console from 49.36.41.218! Allowed networks: 127.0.0.0/127.255.255.255, ::1
Processing by Devise::SessionsController#new as HTML
  Rendering layout layouts/application.html.erb
  Rendering devise/sessions/new.html.erb within layouts/application
  Rendered devise/shared/_links.html.erb (Duration: 1.7ms | Allocations: 1390)
  Rendered devise/sessions/new.html.erb within layouts/application (Duration: 18.9ms | Allocations: 9279)
  Rendered layout layouts/application.html.erb (Duration: 22.7ms | Allocations: 11513)
Completed 200 OK in 44ms (Views: 24.5ms | ActiveRecord: 4.1ms | Allocations: 27109)


Started GET "/" for 49.36.41.218 at 2024-01-05 07:08:02 +0000
Cannot render console from 49.36.41.218! Allowed networks: 127.0.0.0/127.255.255.255, ::1
Processing by SplashController#index as HTML
  Rendering layout layouts/application.html.erb
  Rendering splash/index.html.erb within layouts/application
  Rendered splash/index.html.erb within layouts/application (Duration: 0.3ms | Allocations: 107)
  Rendered layout layouts/application.html.erb (Duration: 3.2ms | Allocations: 2138)
Completed 200 OK in 4ms (Views: 3.7ms | ActiveRecord: 0.0ms | Allocations: 2450)


Started GET "/users/sign_up" for 49.36.41.218 at 2024-01-05 07:21:11 +0000
Cannot render console from 49.36.41.218! Allowed networks: 127.0.0.0/127.255.255.255, ::1
Processing by Devise::RegistrationsController#new as HTML
  Rendering layout layouts/application.html.erb
  Rendering devise/registrations/new.html.erb within layouts/application
  Rendered devise/shared/_error_messages.html.erb (Duration: 0.6ms | Allocations: 385)
  Rendered devise/shared/_links.html.erb (Duration: 0.5ms | Allocations: 310)
  Rendered devise/registrations/new.html.erb within layouts/application (Duration: 6.6ms | Allocations: 3569)
  Rendered layout layouts/application.html.erb (Duration: 9.7ms | Allocations: 5787)
Completed 200 OK in 12ms (Views: 11.2ms | Allocations: 7391)


Started POST "/users" for 49.36.41.218 at 2024-01-05 07:21:43 +0000
Cannot render console from 49.36.41.218! Allowed networks: 127.0.0.0/127.255.255.255, ::1
Processing by Devise::RegistrationsController#create as HTML
  Parameters: {"authenticity_token"=>"[FILTERED]", "user"=>{"name"=>"Shrirang", "email"=>"shrirangjoshisj@gmail.com", "password"=>"[FILTERED]", "password_confirmation"=>"[FILTERED]", "posts_counter"=>"0"}, "commit"=>"Sign up"}
[31mUnpermitted parameter: :posts_counter. Context: { controller: Devise::RegistrationsController, action: create, request: #<ActionDispatch::Request:0x00007f4288145240>, params: {"authenticity_token"=>"[FILTERED]", "user"=>{"name"=>"Shrirang", "email"=>"shrirangjoshisj@gmail.com", "password"=>"[FILTERED]", "password_confirmation"=>"[FILTERED]", "posts_counter"=>"0"}, "commit"=>"Sign up", "controller"=>"devise/registrations", "action"=>"create"} }[0m
  [1m[36mTRANSACTION (0.2ms)[0m  [1m[35mBEGIN[0m
  [1m[36mUser Exists? (1.2ms)[0m  [1m[34mSELECT 1 AS one FROM "users" WHERE "users"."email" = $1 LIMIT $2[0m  [["email", "shrirangjoshisj@gmail.com"], ["LIMIT", 1]]
  [1m[36mUser Create (0.7ms)[0m  [1m[32mINSERT INTO "users" ("name", "created_at", "updated_at", "email", "encrypted_password", "reset_password_token", "reset_password_sent_at", "remember_created_at", "confirmation_token", "confirmed_at", "confirmation_sent_at", "unconfirmed_email") VALUES ($1, $2, $3, $4, $5, $6, $7, $8, $9, $10, $11, $12) RETURNING "id"[0m  [["name", "Shrirang"], ["created_at", "2024-01-05 07:21:43.873808"], ["updated_at", "2024-01-05 07:21:43.873808"], ["email", "shrirangjoshisj@gmail.com"], ["encrypted_password", "$2a$12$oDo9gC1g70z8fadNIECwcuNvi2aIBk7kwB5wRhZFTRyEr8eXBK8e6"], ["reset_password_token", nil], ["reset_password_sent_at", nil], ["remember_created_at", nil], ["confirmation_token", nil], ["confirmed_at", nil], ["confirmation_sent_at", nil], ["unconfirmed_email", nil]]
  [1m[36mTRANSACTION (1.1ms)[0m  [1m[35mCOMMIT[0m
Redirected to http://13.201.56.234:3000/
Completed 302 Found in 309ms (ActiveRecord: 8.6ms | Allocations: 13830)


Started GET "/" for 49.36.41.218 at 2024-01-05 07:21:43 +0000
Cannot render console from 49.36.41.218! Allowed networks: 127.0.0.0/127.255.255.255, ::1
  [1m[36mUser Load (0.4ms)[0m  [1m[34mSELECT "users".* FROM "users" WHERE "users"."id" = $1 ORDER BY "users"."id" ASC LIMIT $2[0m  [["id", 1], ["LIMIT", 1]]
Processing by CategoriesController#index as HTML
  Rendering layout layouts/application.html.erb
  Rendering categories/index.html.erb within layouts/application
  [1m[36mCategory Load (0.5ms)[0m  [1m[34mSELECT "categories".* FROM "categories" WHERE "categories"."user_id" = $1[0m  [["user_id", 1]]
  ↳ app/views/categories/index.html.erb:12
  Rendered categories/index.html.erb within layouts/application (Duration: 7.4ms | Allocations: 3560)
  Rendered layout layouts/application.html.erb (Duration: 11.8ms | Allocations: 5811)
Completed 200 OK in 43ms (Views: 12.8ms | ActiveRecord: 3.1ms | Allocations: 22531)


  
ActionController::RoutingError (No route matches [GET] "/assets/font-awesome-sprockets"):
  
  
ActionController::RoutingError (No route matches [GET] "/assets/font-awesome"):
  
Started GET "/categories/new" for 49.36.41.218 at 2024-01-05 07:21:51 +0000
Cannot render console from 49.36.41.218! Allowed networks: 127.0.0.0/127.255.255.255, ::1
Processing by CategoriesController#new as HTML
  [1m[36mUser Load (0.4ms)[0m  [1m[34mSELECT "users".* FROM "users" WHERE "users"."id" = $1 ORDER BY "users"."id" ASC LIMIT $2[0m  [["id", 1], ["LIMIT", 1]]
  Rendering layout layouts/application.html.erb
  Rendering categories/new.html.erb within layouts/application
  Rendered categories/_form.html.erb (Duration: 3.3ms | Allocations: 1625)
  Rendered categories/new.html.erb within layouts/application (Duration: 4.3ms | Allocations: 2116)
  Rendered layout layouts/application.html.erb (Duration: 7.8ms | Allocations: 4276)
Completed 200 OK in 18ms (Views: 8.3ms | ActiveRecord: 2.5ms | Allocations: 9024)


Started POST "/categories" for 49.36.41.218 at 2024-01-05 07:25:43 +0000
Cannot render console from 49.36.41.218! Allowed networks: 127.0.0.0/127.255.255.255, ::1
Processing by CategoriesController#create as TURBO_STREAM
  Parameters: {"authenticity_token"=>"[FILTERED]", "category"=>{"name"=>"Shrirang", "image"=>#<ActionDispatch::Http::UploadedFile:0x00007f42823a9550 @tempfile=#<Tempfile:/tmp/RackMultipart20240105-1-ng9ora.jpeg>, @original_filename="pexels-photo-3052361.jpeg", @content_type="image/jpeg", @headers="Content-Disposition: form-data; name=\"category[image]\"; filename=\"pexels-photo-3052361.jpeg\"\r\nContent-Type: image/jpeg\r\n">}, "commit"=>"save"}
  [1m[36mUser Load (0.4ms)[0m  [1m[34mSELECT "users".* FROM "users" WHERE "users"."id" = $1 ORDER BY "users"."id" ASC LIMIT $2[0m  [["id", 1], ["LIMIT", 1]]
  [1m[36mTRANSACTION (0.3ms)[0m  [1m[35mBEGIN[0m
  ↳ app/controllers/categories_controller.rb:31:in `block in create'
  [1m[36mCategory Create (1.0ms)[0m  [1m[32mINSERT INTO "categories" ("name", "user_id", "created_at", "updated_at") VALUES ($1, $2, $3, $4) RETURNING "id"[0m  [["name", "Shrirang"], ["user_id", 1], ["created_at", "2024-01-05 07:25:43.654476"], ["updated_at", "2024-01-05 07:25:43.654476"]]
  ↳ app/controllers/categories_controller.rb:31:in `block in create'
  [1m[36mActiveStorage::Blob Load (0.8ms)[0m  [1m[34mSELECT "active_storage_blobs".* FROM "active_storage_blobs" INNER JOIN "active_storage_attachments" ON "active_storage_blobs"."id" = "active_storage_attachments"."blob_id" WHERE "active_storage_attachments"."record_id" = $1 AND "active_storage_attachments"."record_type" = $2 AND "active_storage_attachments"."name" = $3 LIMIT $4[0m  [["record_id", 1], ["record_type", "Category"], ["name", "image"], ["LIMIT", 1]]
  ↳ app/controllers/categories_controller.rb:31:in `block in create'
  [1m[36mActiveStorage::Attachment Load (0.3ms)[0m  [1m[34mSELECT "active_storage_attachments".* FROM "active_storage_attachments" WHERE "active_storage_attachments"."record_id" = $1 AND "active_storage_attachments"."record_type" = $2 AND "active_storage_attachments"."name" = $3 LIMIT $4[0m  [["record_id", 1], ["record_type", "Category"], ["name", "image"], ["LIMIT", 1]]
  ↳ app/controllers/categories_controller.rb:31:in `block in create'
  [1m[36mActiveStorage::Blob Create (0.6ms)[0m  [1m[32mINSERT INTO "active_storage_blobs" ("key", "filename", "content_type", "metadata", "service_name", "byte_size", "checksum", "created_at") VALUES ($1, $2, $3, $4, $5, $6, $7, $8) RETURNING "id"[0m  [["key", "1l5y3203op5osg976o5nmqt164cn"], ["filename", "pexels-photo-3052361.jpeg"], ["content_type", "image/jpeg"], ["metadata", "{\"identified\":true}"], ["service_name", "local"], ["byte_size", 60092], ["checksum", "3Tg+cJnNaYzV+ynLwzh/aw=="], ["created_at", "2024-01-05 07:25:43.688249"]]
  ↳ app/controllers/categories_controller.rb:31:in `block in create'
  [1m[36mActiveStorage::Attachment Create (0.7ms)[0m  [1m[32mINSERT INTO "active_storage_attachments" ("name", "record_type", "record_id", "blob_id", "created_at") VALUES ($1, $2, $3, $4, $5) RETURNING "id"[0m  [["name", "image"], ["record_type", "Category"], ["record_id", 1], ["blob_id", 1], ["created_at", "2024-01-05 07:25:43.690872"]]
  ↳ app/controllers/categories_controller.rb:31:in `block in create'
  [1m[36mCategory Update (0.5ms)[0m  [1m[33mUPDATE "categories" SET "updated_at" = $1 WHERE "categories"."id" = $2[0m  [["updated_at", "2024-01-05 07:25:43.693142"], ["id", 1]]
  ↳ app/controllers/categories_controller.rb:31:in `block in create'
  [1m[36mTRANSACTION (1.3ms)[0m  [1m[35mCOMMIT[0m
  ↳ app/controllers/categories_controller.rb:31:in `block in create'
[36m  Disk Storage (0.6ms) [0m[32mUploaded file to key: 1l5y3203op5osg976o5nmqt164cn (checksum: 3Tg+cJnNaYzV+ynLwzh/aw==)[0m
[ActiveJob] Enqueued ActiveStorage::AnalyzeJob (Job ID: 543e92a8-928b-4059-bb0a-da236f1df130) to Async(default) with arguments: #<GlobalID:0x00007f4281d7cc90 @uri=#<URI::GID gid://budgy/ActiveStorage::Blob/1>>
Redirected to http://13.201.56.234:3000/categories
Completed 302 Found in 91ms (ActiveRecord: 11.6ms | Allocations: 48804)


[ActiveJob] [ActiveStorage::AnalyzeJob] [543e92a8-928b-4059-bb0a-da236f1df130]   [1m[36mActiveStorage::Blob Load (0.4ms)[0m  [1m[34mSELECT "active_storage_blobs".* FROM "active_storage_blobs" WHERE "active_storage_blobs"."id" = $1 LIMIT $2[0m  [["id", 1], ["LIMIT", 1]]
[ActiveJob] [ActiveStorage::AnalyzeJob] [543e92a8-928b-4059-bb0a-da236f1df130] Performing ActiveStorage::AnalyzeJob (Job ID: 543e92a8-928b-4059-bb0a-da236f1df130) from Async(default) enqueued at 2024-01-05T07:25:43Z with arguments: #<GlobalID:0x00007f4281b527f8 @uri=#<URI::GID gid://budgy/ActiveStorage::Blob/1>>
[ActiveJob] [ActiveStorage::AnalyzeJob] [543e92a8-928b-4059-bb0a-da236f1df130] [36m  Disk Storage (0.2ms) [0m[34mDownloaded file from key: 1l5y3203op5osg976o5nmqt164cn[0m
[ActiveJob] [ActiveStorage::AnalyzeJob] [543e92a8-928b-4059-bb0a-da236f1df130] Skipping image analysis because the ruby-vips gem isn't installed
[ActiveJob] [ActiveStorage::AnalyzeJob] [543e92a8-928b-4059-bb0a-da236f1df130]   [1m[36mTRANSACTION (0.2ms)[0m  [1m[35mBEGIN[0m
[ActiveJob] [ActiveStorage::AnalyzeJob] [543e92a8-928b-4059-bb0a-da236f1df130]   [1m[36mActiveStorage::Blob Update (0.4ms)[0m  [1m[33mUPDATE "active_storage_blobs" SET "metadata" = $1 WHERE "active_storage_blobs"."id" = $2[0m  [["metadata", "{\"identified\":true,\"analyzed\":true}"], ["id", 1]]
[ActiveJob] [ActiveStorage::AnalyzeJob] [543e92a8-928b-4059-bb0a-da236f1df130]   [1m[36mTRANSACTION (0.9ms)[0m  [1m[35mCOMMIT[0m
[ActiveJob] [ActiveStorage::AnalyzeJob] [543e92a8-928b-4059-bb0a-da236f1df130] Performed ActiveStorage::AnalyzeJob (Job ID: 543e92a8-928b-4059-bb0a-da236f1df130) from Async(default) in 15.53ms
Started GET "/categories" for 49.36.41.218 at 2024-01-05 07:25:43 +0000
Cannot render console from 49.36.41.218! Allowed networks: 127.0.0.0/127.255.255.255, ::1
Processing by CategoriesController#index as TURBO_STREAM
  [1m[36mUser Load (0.4ms)[0m  [1m[34mSELECT "users".* FROM "users" WHERE "users"."id" = $1 ORDER BY "users"."id" ASC LIMIT $2[0m  [["id", 1], ["LIMIT", 1]]
  Rendering layout layouts/application.html.erb
  Rendering categories/index.html.erb within layouts/application
  [1m[36mCategory Load (0.3ms)[0m  [1m[34mSELECT "categories".* FROM "categories" WHERE "categories"."user_id" = $1[0m  [["user_id", 1]]
  ↳ app/views/categories/index.html.erb:12
  [1m[36mActiveStorage::Attachment Load (0.4ms)[0m  [1m[34mSELECT "active_storage_attachments".* FROM "active_storage_attachments" WHERE "active_storage_attachments"."record_id" = $1 AND "active_storage_attachments"."record_type" = $2 AND "active_storage_attachments"."name" = $3 LIMIT $4[0m  [["record_id", 1], ["record_type", "Category"], ["name", "image"], ["LIMIT", 1]]
  ↳ app/views/categories/_category.html.erb:3
  [1m[36mActiveStorage::Blob Load (0.3ms)[0m  [1m[34mSELECT "active_storage_blobs".* FROM "active_storage_blobs" WHERE "active_storage_blobs"."id" = $1 LIMIT $2[0m  [["id", 1], ["LIMIT", 1]]
  ↳ app/views/categories/_category.html.erb:3
  [1m[36mRecord Sum (0.7ms)[0m  [1m[34mSELECT SUM("records"."amount") FROM "records" INNER JOIN "category_records" ON "records"."id" = "category_records"."record_id" WHERE "category_records"."category_id" = $1[0m  [["category_id", 1]]
  ↳ app/models/category.rb:11:in `total_amount'
  Rendered categories/_category.html.erb (Duration: 21.3ms | Allocations: 11856)
  Rendered categories/index.html.erb within layouts/application (Duration: 25.1ms | Allocations: 13263)
  Rendered layout layouts/application.html.erb (Duration: 28.1ms | Allocations: 15404)
Completed 200 OK in 33ms (Views: 23.2ms | ActiveRecord: 5.8ms | Allocations: 17738)


Started GET "/rails/active_storage/blobs/redirect/eyJfcmFpbHMiOnsibWVzc2FnZSI6IkJBaHBCZz09IiwiZXhwIjpudWxsLCJwdXIiOiJibG9iX2lkIn19--1adb75bf56e6f178bbe64812b1d6ea1fb659354c/pexels-photo-3052361.jpeg" for 49.36.41.218 at 2024-01-05 07:25:43 +0000
Cannot render console from 49.36.41.218! Allowed networks: 127.0.0.0/127.255.255.255, ::1
Processing by ActiveStorage::Blobs::RedirectController#show as JPEG
  Parameters: {"signed_id"=>"eyJfcmFpbHMiOnsibWVzc2FnZSI6IkJBaHBCZz09IiwiZXhwIjpudWxsLCJwdXIiOiJibG9iX2lkIn19--1adb75bf56e6f178bbe64812b1d6ea1fb659354c", "filename"=>"pexels-photo-3052361"}
  [1m[36mActiveStorage::Blob Load (0.4ms)[0m  [1m[34mSELECT "active_storage_blobs".* FROM "active_storage_blobs" WHERE "active_storage_blobs"."id" = $1 LIMIT $2[0m  [["id", 1], ["LIMIT", 1]]
[36m  Disk Storage (0.9ms) [0m[34mGenerated URL for file at key: 1l5y3203op5osg976o5nmqt164cn (http://13.201.56.234:3000/rails/active_storage/disk/eyJfcmFpbHMiOnsibWVzc2FnZSI6IkJBaDdDVG9JYTJWNVNTSWhNV3cxZVRNeU1ETnZjRFZ2YzJjNU56WnZOVzV0Y1hReE5qUmpiZ1k2QmtWVU9oQmthWE53YjNOcGRHbHZia2tpWFdsdWJHbHVaVHNnWm1sc1pXNWhiV1U5SW5CbGVHVnNjeTF3YUc5MGJ5MHpNRFV5TXpZeExtcHdaV2NpT3lCbWFXeGxibUZ0WlNvOVZWUkdMVGduSjNCbGVHVnNjeTF3YUc5MGJ5MHpNRFV5TXpZeExtcHdaV2NHT3daVU9oRmpiMjUwWlc1MFgzUjVjR1ZKSWc5cGJXRm5aUzlxY0dWbkJqc0dWRG9SYzJWeWRtbGpaVjl1WVcxbE9ncHNiMk5oYkE9PSIsImV4cCI6IjIwMjQtMDEtMDVUMDc6MzA6NDMuODY3WiIsInB1ciI6ImJsb2Jfa2V5In19--f33295f5b454259b0b77066f250f5dfe83816a3b/pexels-photo-3052361.jpeg)[0m
Redirected to http://13.201.56.234:3000/rails/active_storage/disk/eyJfcmFpbHMiOnsibWVzc2FnZSI6IkJBaDdDVG9JYTJWNVNTSWhNV3cxZVRNeU1ETnZjRFZ2YzJjNU56WnZOVzV0Y1hReE5qUmpiZ1k2QmtWVU9oQmthWE53YjNOcGRHbHZia2tpWFdsdWJHbHVaVHNnWm1sc1pXNWhiV1U5SW5CbGVHVnNjeTF3YUc5MGJ5MHpNRFV5TXpZeExtcHdaV2NpT3lCbWFXeGxibUZ0WlNvOVZWUkdMVGduSjNCbGVHVnNjeTF3YUc5MGJ5MHpNRFV5TXpZeExtcHdaV2NHT3daVU9oRmpiMjUwWlc1MFgzUjVjR1ZKSWc5cGJXRm5aUzlxY0dWbkJqc0dWRG9SYzJWeWRtbGpaVjl1WVcxbE9ncHNiMk5oYkE9PSIsImV4cCI6IjIwMjQtMDEtMDVUMDc6MzA6NDMuODY3WiIsInB1ciI6ImJsb2Jfa2V5In19--f33295f5b454259b0b77066f250f5dfe83816a3b/pexels-photo-3052361.jpeg
Completed 302 Found in 7ms (ActiveRecord: 0.4ms | Allocations: 2947)


Started GET "/rails/active_storage/disk/eyJfcmFpbHMiOnsibWVzc2FnZSI6IkJBaDdDVG9JYTJWNVNTSWhNV3cxZVRNeU1ETnZjRFZ2YzJjNU56WnZOVzV0Y1hReE5qUmpiZ1k2QmtWVU9oQmthWE53YjNOcGRHbHZia2tpWFdsdWJHbHVaVHNnWm1sc1pXNWhiV1U5SW5CbGVHVnNjeTF3YUc5MGJ5MHpNRFV5TXpZeExtcHdaV2NpT3lCbWFXeGxibUZ0WlNvOVZWUkdMVGduSjNCbGVHVnNjeTF3YUc5MGJ5MHpNRFV5TXpZeExtcHdaV2NHT3daVU9oRmpiMjUwWlc1MFgzUjVjR1ZKSWc5cGJXRm5aUzlxY0dWbkJqc0dWRG9SYzJWeWRtbGpaVjl1WVcxbE9ncHNiMk5oYkE9PSIsImV4cCI6IjIwMjQtMDEtMDVUMDc6MzA6NDMuODY3WiIsInB1ciI6ImJsb2Jfa2V5In19--f33295f5b454259b0b77066f250f5dfe83816a3b/pexels-photo-3052361.jpeg" for 49.36.41.218 at 2024-01-05 07:25:43 +0000
Cannot render console from 49.36.41.218! Allowed networks: 127.0.0.0/127.255.255.255, ::1
Processing by ActiveStorage::DiskController#show as JPEG
  Parameters: {"encoded_key"=>"[FILTERED]", "filename"=>"pexels-photo-3052361"}
Completed 200 OK in 1ms (ActiveRecord: 0.0ms | Allocations: 321)


Started GET "/users/sign_out" for 49.36.41.218 at 2024-01-05 07:25:48 +0000
Cannot render console from 49.36.41.218! Allowed networks: 127.0.0.0/127.255.255.255, ::1
Processing by Devise::SessionsController#destroy as HTML
  [1m[36mUser Load (0.5ms)[0m  [1m[34mSELECT "users".* FROM "users" WHERE "users"."id" = $1 ORDER BY "users"."id" ASC LIMIT $2[0m  [["id", 1], ["LIMIT", 1]]
Redirected to http://13.201.56.234:3000/
Completed 302 Found in 25ms (ActiveRecord: 6.3ms | Allocations: 5528)


Started GET "/" for 49.36.41.218 at 2024-01-05 07:25:48 +0000
Cannot render console from 49.36.41.218! Allowed networks: 127.0.0.0/127.255.255.255, ::1
Processing by SplashController#index as HTML
  Rendering layout layouts/application.html.erb
  Rendering splash/index.html.erb within layouts/application
  Rendered splash/index.html.erb within layouts/application (Duration: 0.3ms | Allocations: 122)
  Rendered layout layouts/application.html.erb (Duration: 3.2ms | Allocations: 2268)
Completed 200 OK in 4ms (Views: 3.8ms | ActiveRecord: 0.0ms | Allocations: 2588)


Started GET "/users/sign_up" for 49.36.41.218 at 2024-01-05 07:25:49 +0000
Cannot render console from 49.36.41.218! Allowed networks: 127.0.0.0/127.255.255.255, ::1
Processing by Devise::RegistrationsController#new as HTML
  Rendering layout layouts/application.html.erb
  Rendering devise/registrations/new.html.erb within layouts/application
  Rendered devise/shared/_error_messages.html.erb (Duration: 0.1ms | Allocations: 22)
  Rendered devise/shared/_links.html.erb (Duration: 0.2ms | Allocations: 81)
  Rendered devise/registrations/new.html.erb within layouts/application (Duration: 2.7ms | Allocations: 1333)
  Rendered layout layouts/application.html.erb (Duration: 5.5ms | Allocations: 3353)
Completed 200 OK in 7ms (Views: 6.2ms | ActiveRecord: 0.0ms | Allocations: 3956)


Started POST "/users" for 49.36.41.218 at 2024-01-05 07:26:04 +0000
Cannot render console from 49.36.41.218! Allowed networks: 127.0.0.0/127.255.255.255, ::1
Processing by Devise::RegistrationsController#create as HTML
  Parameters: {"authenticity_token"=>"[FILTERED]", "user"=>{"name"=>"Shrirang", "email"=>"shrirangjoshisj@gmail.com", "password"=>"[FILTERED]", "password_confirmation"=>"[FILTERED]", "posts_counter"=>"0"}, "commit"=>"Sign up"}
[31mUnpermitted parameter: :posts_counter. Context: { controller: Devise::RegistrationsController, action: create, request: #<ActionDispatch::Request:0x00007f42816f1ba0>, params: {"authenticity_token"=>"[FILTERED]", "user"=>{"name"=>"Shrirang", "email"=>"shrirangjoshisj@gmail.com", "password"=>"[FILTERED]", "password_confirmation"=>"[FILTERED]", "posts_counter"=>"0"}, "commit"=>"Sign up", "controller"=>"devise/registrations", "action"=>"create"} }[0m
  [1m[36mTRANSACTION (0.3ms)[0m  [1m[35mBEGIN[0m
  [1m[36mUser Exists? (0.5ms)[0m  [1m[34mSELECT 1 AS one FROM "users" WHERE "users"."email" = $1 LIMIT $2[0m  [["email", "shrirangjoshisj@gmail.com"], ["LIMIT", 1]]
  [1m[36mTRANSACTION (0.3ms)[0m  [1m[31mROLLBACK[0m
  Rendering layout layouts/application.html.erb
  Rendering devise/registrations/new.html.erb within layouts/application
  Rendered devise/shared/_error_messages.html.erb (Duration: 1.1ms | Allocations: 541)
  Rendered devise/shared/_links.html.erb (Duration: 0.3ms | Allocations: 81)
  Rendered devise/registrations/new.html.erb within layouts/application (Duration: 5.1ms | Allocations: 2310)
  Rendered layout layouts/application.html.erb (Duration: 8.1ms | Allocations: 4330)
Completed 200 OK in 291ms (Views: 8.6ms | ActiveRecord: 1.1ms | Allocations: 9469)


  
ActionController::RoutingError (No route matches [GET] "/assets/font-awesome-sprockets"):
  
  
ActionController::RoutingError (No route matches [GET] "/assets/font-awesome"):
  
Started GET "/" for 49.36.41.218 at 2024-01-05 07:26:08 +0000
Cannot render console from 49.36.41.218! Allowed networks: 127.0.0.0/127.255.255.255, ::1
Processing by SplashController#index as HTML
  Rendering layout layouts/application.html.erb
  Rendering splash/index.html.erb within layouts/application
  Rendered splash/index.html.erb within layouts/application (Duration: 0.3ms | Allocations: 104)
  Rendered layout layouts/application.html.erb (Duration: 3.7ms | Allocations: 2149)
Completed 200 OK in 5ms (Views: 4.2ms | ActiveRecord: 0.0ms | Allocations: 2423)


Started GET "/users/sign_in" for 49.36.41.218 at 2024-01-05 07:26:09 +0000
Cannot render console from 49.36.41.218! Allowed networks: 127.0.0.0/127.255.255.255, ::1
Processing by Devise::SessionsController#new as HTML
  Rendering layout layouts/application.html.erb
  Rendering devise/sessions/new.html.erb within layouts/application
  Rendered devise/shared/_links.html.erb (Duration: 0.5ms | Allocations: 130)
  Rendered devise/sessions/new.html.erb within layouts/application (Duration: 2.1ms | Allocations: 758)
  Rendered layout layouts/application.html.erb (Duration: 5.0ms | Allocations: 2778)
Completed 200 OK in 7ms (Views: 5.6ms | ActiveRecord: 0.0ms | Allocations: 3402)


Started POST "/users/sign_in" for 49.36.41.218 at 2024-01-05 07:26:16 +0000
Cannot render console from 49.36.41.218! Allowed networks: 127.0.0.0/127.255.255.255, ::1
Processing by Devise::SessionsController#create as HTML
  Parameters: {"authenticity_token"=>"[FILTERED]", "user"=>{"email"=>"shrirangjoshisj@gmail.com", "password"=>"[FILTERED]", "remember_me"=>"0"}, "commit"=>"Log in"}
  [1m[36mUser Load (0.4ms)[0m  [1m[34mSELECT "users".* FROM "users" WHERE "users"."email" = $1 ORDER BY "users"."id" ASC LIMIT $2[0m  [["email", "shrirangjoshisj@gmail.com"], ["LIMIT", 1]]
Redirected to http://13.201.56.234:3000/
Completed 302 Found in 286ms (ActiveRecord: 0.4ms | Allocations: 9336)


Started GET "/" for 49.36.41.218 at 2024-01-05 07:26:17 +0000
Cannot render console from 49.36.41.218! Allowed networks: 127.0.0.0/127.255.255.255, ::1
  [1m[36mUser Load (0.4ms)[0m  [1m[34mSELECT "users".* FROM "users" WHERE "users"."id" = $1 ORDER BY "users"."id" ASC LIMIT $2[0m  [["id", 1], ["LIMIT", 1]]
Processing by CategoriesController#index as HTML
  Rendering layout layouts/application.html.erb
  Rendering categories/index.html.erb within layouts/application
  [1m[36mCategory Load (0.3ms)[0m  [1m[34mSELECT "categories".* FROM "categories" WHERE "categories"."user_id" = $1[0m  [["user_id", 1]]
  ↳ app/views/categories/index.html.erb:12
  [1m[36mActiveStorage::Attachment Load (0.3ms)[0m  [1m[34mSELECT "active_storage_attachments".* FROM "active_storage_attachments" WHERE "active_storage_attachments"."record_id" = $1 AND "active_storage_attachments"."record_type" = $2 AND "active_storage_attachments"."name" = $3 LIMIT $4[0m  [["record_id", 1], ["record_type", "Category"], ["name", "image"], ["LIMIT", 1]]
  ↳ app/views/categories/_category.html.erb:3
  [1m[36mActiveStorage::Blob Load (0.3ms)[0m  [1m[34mSELECT "active_storage_blobs".* FROM "active_storage_blobs" WHERE "active_storage_blobs"."id" = $1 LIMIT $2[0m  [["id", 1], ["LIMIT", 1]]
  ↳ app/views/categories/_category.html.erb:3
  [1m[36mRecord Sum (0.4ms)[0m  [1m[34mSELECT SUM("records"."amount") FROM "records" INNER JOIN "category_records" ON "records"."id" = "category_records"."record_id" WHERE "category_records"."category_id" = $1[0m  [["category_id", 1]]
  ↳ app/models/category.rb:11:in `total_amount'
  Rendered categories/_category.html.erb (Duration: 7.0ms | Allocations: 2933)
  Rendered categories/index.html.erb within layouts/application (Duration: 9.6ms | Allocations: 3867)
  Rendered layout layouts/application.html.erb (Duration: 12.7ms | Allocations: 5988)
Completed 200 OK in 15ms (Views: 11.9ms | ActiveRecord: 1.4ms | Allocations: 6858)


  
ActionController::RoutingError (No route matches [GET] "/assets/font-awesome-sprockets"):
  
Started GET "/rails/active_storage/disk/eyJfcmFpbHMiOnsibWVzc2FnZSI6IkJBaDdDVG9JYTJWNVNTSWhNV3cxZVRNeU1ETnZjRFZ2YzJjNU56WnZOVzV0Y1hReE5qUmpiZ1k2QmtWVU9oQmthWE53YjNOcGRHbHZia2tpWFdsdWJHbHVaVHNnWm1sc1pXNWhiV1U5SW5CbGVHVnNjeTF3YUc5MGJ5MHpNRFV5TXpZeExtcHdaV2NpT3lCbWFXeGxibUZ0WlNvOVZWUkdMVGduSjNCbGVHVnNjeTF3YUc5MGJ5MHpNRFV5TXpZeExtcHdaV2NHT3daVU9oRmpiMjUwWlc1MFgzUjVjR1ZKSWc5cGJXRm5aUzlxY0dWbkJqc0dWRG9SYzJWeWRtbGpaVjl1WVcxbE9ncHNiMk5oYkE9PSIsImV4cCI6IjIwMjQtMDEtMDVUMDc6MzA6NDMuODY3WiIsInB1ciI6ImJsb2Jfa2V5In19--f33295f5b454259b0b77066f250f5dfe83816a3b/pexels-photo-3052361.jpeg" for 49.36.41.218 at 2024-01-05 07:26:17 +0000
Cannot render console from 49.36.41.218! Allowed networks: 127.0.0.0/127.255.255.255, ::1
  
ActionController::RoutingError (No route matches [GET] "/assets/font-awesome"):
  
Processing by ActiveStorage::DiskController#show as JPEG
  Parameters: {"encoded_key"=>"[FILTERED]", "filename"=>"pexels-photo-3052361"}
Completed 304 Not Modified in 1ms (ActiveRecord: 0.0ms | Allocations: 210)


Started GET "/users/sign_out" for 49.36.41.218 at 2024-01-05 07:26:27 +0000
Cannot render console from 49.36.41.218! Allowed networks: 127.0.0.0/127.255.255.255, ::1
Processing by Devise::SessionsController#destroy as HTML
  [1m[36mUser Load (0.4ms)[0m  [1m[34mSELECT "users".* FROM "users" WHERE "users"."id" = $1 ORDER BY "users"."id" ASC LIMIT $2[0m  [["id", 1], ["LIMIT", 1]]
Redirected to http://13.201.56.234:3000/
Completed 302 Found in 5ms (ActiveRecord: 0.4ms | Allocations: 1797)


Started GET "/" for 49.36.41.218 at 2024-01-05 07:26:27 +0000
Cannot render console from 49.36.41.218! Allowed networks: 127.0.0.0/127.255.255.255, ::1
Processing by SplashController#index as HTML
  Rendering layout layouts/application.html.erb
  Rendering splash/index.html.erb within layouts/application
  Rendered splash/index.html.erb within layouts/application (Duration: 0.3ms | Allocations: 106)
  Rendered layout layouts/application.html.erb (Duration: 3.3ms | Allocations: 2157)
Completed 200 OK in 4ms (Views: 3.9ms | ActiveRecord: 0.0ms | Allocations: 2431)


